2025-12-11T15:44:09.888+05:30  INFO 26568 --- [main] .e.E.EmployeeManagementSystemApplication : Starting EmployeeManagementSystemApplication using Java 21.0.7 with PID 26568 (C:\Users\hp\OneDrive\Desktop\EmployeeManagementSystem\EmployeeManagementSystem\target\classes started by Pranjali in C:\Users\hp\OneDrive\Desktop\EmployeeManagementSystem\EmployeeManagementSystem)
2025-12-11T15:44:09.889+05:30 DEBUG 26568 --- [main] .e.E.EmployeeManagementSystemApplication : Running with Spring Boot v3.2.0, Spring v6.1.1
2025-12-11T15:44:09.890+05:30  INFO 26568 --- [main] .e.E.EmployeeManagementSystemApplication : No active profile set, falling back to 1 default profile: "default"
2025-12-11T15:44:10.451+05:30  INFO 26568 --- [main] .s.d.r.c.RepositoryConfigurationDelegate : Bootstrapping Spring Data JPA repositories in DEFAULT mode.
2025-12-11T15:44:10.490+05:30  INFO 26568 --- [main] .s.d.r.c.RepositoryConfigurationDelegate : Finished Spring Data repository scanning in 34 ms. Found 1 JPA repository interface.
2025-12-11T15:44:10.886+05:30  INFO 26568 --- [main] o.s.b.w.embedded.tomcat.TomcatWebServer  : Tomcat initialized with port 8997 (http)
2025-12-11T15:44:10.895+05:30  INFO 26568 --- [main] o.apache.catalina.core.StandardService   : Starting service [Tomcat]
2025-12-11T15:44:10.895+05:30  INFO 26568 --- [main] o.apache.catalina.core.StandardEngine    : Starting Servlet engine: [Apache Tomcat/10.1.16]
2025-12-11T15:44:10.950+05:30  INFO 26568 --- [main] o.a.c.c.C.[Tomcat].[localhost].[/]       : Initializing Spring embedded WebApplicationContext
2025-12-11T15:44:10.951+05:30  INFO 26568 --- [main] w.s.c.ServletWebServerApplicationContext : Root WebApplicationContext: initialization completed in 1029 ms
2025-12-11T15:44:11.072+05:30  INFO 26568 --- [main] o.hibernate.jpa.internal.util.LogHelper  : HHH000204: Processing PersistenceUnitInfo [name: default]
2025-12-11T15:44:11.147+05:30  INFO 26568 --- [main] org.hibernate.Version                    : HHH000412: Hibernate ORM core version 6.3.1.Final
2025-12-11T15:44:11.194+05:30  INFO 26568 --- [main] o.h.c.internal.RegionFactoryInitiator    : HHH000026: Second-level cache disabled
2025-12-11T15:44:11.472+05:30  INFO 26568 --- [main] o.s.o.j.p.SpringPersistenceUnitInfo      : No LoadTimeWeaver setup: ignoring JPA class transformer
2025-12-11T15:44:11.499+05:30  INFO 26568 --- [main] com.zaxxer.hikari.HikariDataSource       : HikariPool-1 - Starting...
2025-12-11T15:44:11.765+05:30  INFO 26568 --- [main] com.zaxxer.hikari.pool.HikariPool        : HikariPool-1 - Added connection com.mysql.cj.jdbc.ConnectionImpl@40538370
2025-12-11T15:44:11.767+05:30  INFO 26568 --- [main] com.zaxxer.hikari.HikariDataSource       : HikariPool-1 - Start completed.
2025-12-11T15:44:11.820+05:30  WARN 26568 --- [main] org.hibernate.orm.deprecation            : HHH90000025: MySQLDialect does not need to be specified explicitly using 'hibernate.dialect' (remove the property setting and it will be selected by default)
2025-12-11T15:44:12.524+05:30  INFO 26568 --- [main] o.h.e.t.j.p.i.JtaPlatformInitiator       : HHH000489: No JTA platform available (set 'hibernate.transaction.jta.platform' to enable JTA platform integration)
2025-12-11T15:44:12.571+05:30  INFO 26568 --- [main] j.LocalContainerEntityManagerFactoryBean : Initialized JPA EntityManagerFactory for persistence unit 'default'
2025-12-11T15:44:12.841+05:30  WARN 26568 --- [main] JpaBaseConfiguration$JpaWebConfiguration : spring.jpa.open-in-view is enabled by default. Therefore, database queries may be performed during view rendering. Explicitly configure spring.jpa.open-in-view to disable this warning
2025-12-11T15:44:13.149+05:30  WARN 26568 --- [main] ConfigServletWebServerApplicationContext : Exception encountered during context initialization - cancelling refresh attempt: org.springframework.context.ApplicationContextException: Failed to start bean 'webServerStartStop'
2025-12-11T15:44:13.151+05:30  INFO 26568 --- [main] j.LocalContainerEntityManagerFactoryBean : Closing JPA EntityManagerFactory for persistence unit 'default'
2025-12-11T15:44:13.153+05:30  INFO 26568 --- [main] com.zaxxer.hikari.HikariDataSource       : HikariPool-1 - Shutdown initiated...
2025-12-11T15:44:13.158+05:30  INFO 26568 --- [main] com.zaxxer.hikari.HikariDataSource       : HikariPool-1 - Shutdown completed.
2025-12-11T15:44:13.172+05:30  INFO 26568 --- [main] .s.b.a.l.ConditionEvaluationReportLogger : 

Error starting ApplicationContext. To display the condition evaluation report re-run your application with 'debug' enabled.
2025-12-11T15:44:13.186+05:30 ERROR 26568 --- [main] o.s.b.d.LoggingFailureAnalysisReporter   : 

***************************
APPLICATION FAILED TO START
***************************

Description:

Web server failed to start. Port 8997 was already in use.

Action:

Identify and stop the process that's listening on port 8997 or configure this application to listen on another port.

2025-12-11T15:44:29.567+05:30  INFO 25688 --- [main] .e.E.EmployeeManagementSystemApplication : Starting EmployeeManagementSystemApplication using Java 21.0.7 with PID 25688 (C:\Users\hp\OneDrive\Desktop\EmployeeManagementSystem\EmployeeManagementSystem\target\classes started by Pranjali in C:\Users\hp\OneDrive\Desktop\EmployeeManagementSystem\EmployeeManagementSystem)
2025-12-11T15:44:29.568+05:30 DEBUG 25688 --- [main] .e.E.EmployeeManagementSystemApplication : Running with Spring Boot v3.2.0, Spring v6.1.1
2025-12-11T15:44:29.569+05:30  INFO 25688 --- [main] .e.E.EmployeeManagementSystemApplication : No active profile set, falling back to 1 default profile: "default"
2025-12-11T15:44:30.234+05:30  INFO 25688 --- [main] .s.d.r.c.RepositoryConfigurationDelegate : Bootstrapping Spring Data JPA repositories in DEFAULT mode.
2025-12-11T15:44:30.304+05:30  INFO 25688 --- [main] .s.d.r.c.RepositoryConfigurationDelegate : Finished Spring Data repository scanning in 63 ms. Found 1 JPA repository interface.
2025-12-11T15:44:30.702+05:30  INFO 25688 --- [main] o.s.b.w.embedded.tomcat.TomcatWebServer  : Tomcat initialized with port 8979 (http)
2025-12-11T15:44:30.709+05:30  INFO 25688 --- [main] o.apache.catalina.core.StandardService   : Starting service [Tomcat]
2025-12-11T15:44:30.709+05:30  INFO 25688 --- [main] o.apache.catalina.core.StandardEngine    : Starting Servlet engine: [Apache Tomcat/10.1.16]
2025-12-11T15:44:30.752+05:30  INFO 25688 --- [main] o.a.c.c.C.[Tomcat].[localhost].[/]       : Initializing Spring embedded WebApplicationContext
2025-12-11T15:44:30.753+05:30  INFO 25688 --- [main] w.s.c.ServletWebServerApplicationContext : Root WebApplicationContext: initialization completed in 1141 ms
2025-12-11T15:44:30.862+05:30  INFO 25688 --- [main] o.hibernate.jpa.internal.util.LogHelper  : HHH000204: Processing PersistenceUnitInfo [name: default]
2025-12-11T15:44:30.906+05:30  INFO 25688 --- [main] org.hibernate.Version                    : HHH000412: Hibernate ORM core version 6.3.1.Final
2025-12-11T15:44:30.931+05:30  INFO 25688 --- [main] o.h.c.internal.RegionFactoryInitiator    : HHH000026: Second-level cache disabled
2025-12-11T15:44:31.128+05:30  INFO 25688 --- [main] o.s.o.j.p.SpringPersistenceUnitInfo      : No LoadTimeWeaver setup: ignoring JPA class transformer
2025-12-11T15:44:31.147+05:30  INFO 25688 --- [main] com.zaxxer.hikari.HikariDataSource       : HikariPool-1 - Starting...
2025-12-11T15:44:31.425+05:30  INFO 25688 --- [main] com.zaxxer.hikari.pool.HikariPool        : HikariPool-1 - Added connection com.mysql.cj.jdbc.ConnectionImpl@780ee3ad
2025-12-11T15:44:31.427+05:30  INFO 25688 --- [main] com.zaxxer.hikari.HikariDataSource       : HikariPool-1 - Start completed.
2025-12-11T15:44:31.468+05:30  WARN 25688 --- [main] org.hibernate.orm.deprecation            : HHH90000025: MySQLDialect does not need to be specified explicitly using 'hibernate.dialect' (remove the property setting and it will be selected by default)
2025-12-11T15:44:32.100+05:30  INFO 25688 --- [main] o.h.e.t.j.p.i.JtaPlatformInitiator       : HHH000489: No JTA platform available (set 'hibernate.transaction.jta.platform' to enable JTA platform integration)
2025-12-11T15:44:32.138+05:30  INFO 25688 --- [main] j.LocalContainerEntityManagerFactoryBean : Initialized JPA EntityManagerFactory for persistence unit 'default'
2025-12-11T15:44:32.424+05:30  WARN 25688 --- [main] JpaBaseConfiguration$JpaWebConfiguration : spring.jpa.open-in-view is enabled by default. Therefore, database queries may be performed during view rendering. Explicitly configure spring.jpa.open-in-view to disable this warning
2025-12-11T15:44:32.788+05:30  INFO 25688 --- [main] o.s.b.w.embedded.tomcat.TomcatWebServer  : Tomcat started on port 8979 (http) with context path ''
2025-12-11T15:44:32.794+05:30  INFO 25688 --- [main] .e.E.EmployeeManagementSystemApplication : Started EmployeeManagementSystemApplication in 3.634 seconds (process running for 4.153)
2025-12-11T15:45:36.176+05:30  INFO 25688 --- [http-nio-8979-exec-4] o.a.c.c.C.[Tomcat].[localhost].[/]       : Initializing Spring DispatcherServlet 'dispatcherServlet'
2025-12-11T15:45:36.176+05:30  INFO 25688 --- [http-nio-8979-exec-4] o.s.web.servlet.DispatcherServlet        : Initializing Servlet 'dispatcherServlet'
2025-12-11T15:45:36.190+05:30  INFO 25688 --- [http-nio-8979-exec-4] o.s.web.servlet.DispatcherServlet        : Completed initialization in 14 ms
2025-12-11T15:45:36.229+05:30  INFO 25688 --- [http-nio-8979-exec-4] c.e.E.EmployeeController                 : GET /employees/all - Request to fetch all employees
2025-12-11T15:45:36.229+05:30  INFO 25688 --- [http-nio-8979-exec-4] c.e.E.EmployeeService                    : Fetching all employees
2025-12-11T15:45:36.442+05:30 DEBUG 25688 --- [http-nio-8979-exec-4] c.e.E.EmployeeService                    : Total employees fetched: 6
2025-12-11T15:45:36.442+05:30 DEBUG 25688 --- [http-nio-8979-exec-4] c.e.E.EmployeeController                 : Total employees fetched: 6
2025-12-11T16:01:22.863+05:30  WARN 25688 --- [HikariPool-1 housekeeper] com.zaxxer.hikari.pool.HikariPool        : HikariPool-1 - Thread starvation or clock leap detected (housekeeper delta=3m51s68ms357µs100ns).
2025-12-11T16:26:29.504+05:30  INFO 25688 --- [http-nio-8979-exec-2] c.e.E.EmployeeController                 : DELETE /employees/delete/10 - Request to delete employee
2025-12-11T16:26:29.506+05:30  INFO 25688 --- [http-nio-8979-exec-2] c.e.E.EmployeeService                    : Request to delete employee with ID: 10
2025-12-11T16:26:29.526+05:30 DEBUG 25688 --- [http-nio-8979-exec-2] c.e.E.EmployeeService                    : Employee deleted successfully with ID: 10
2025-12-11T16:26:29.526+05:30 DEBUG 25688 --- [http-nio-8979-exec-2] c.e.E.EmployeeController                 : Employee deleted successfully with ID: 10
2025-12-11T16:26:45.356+05:30  INFO 25688 --- [http-nio-8979-exec-6] c.e.E.EmployeeController                 : DELETE /employees/delete/11 - Request to delete employee
2025-12-11T16:26:45.356+05:30  INFO 25688 --- [http-nio-8979-exec-6] c.e.E.EmployeeService                    : Request to delete employee with ID: 11
2025-12-11T16:26:45.367+05:30 DEBUG 25688 --- [http-nio-8979-exec-6] c.e.E.EmployeeService                    : Employee deleted successfully with ID: 11
2025-12-11T16:26:45.367+05:30 DEBUG 25688 --- [http-nio-8979-exec-6] c.e.E.EmployeeController                 : Employee deleted successfully with ID: 11
2025-12-11T16:26:54.687+05:30  INFO 25688 --- [http-nio-8979-exec-8] c.e.E.EmployeeController                 : DELETE /employees/delete/98 - Request to delete employee
2025-12-11T16:26:54.687+05:30  INFO 25688 --- [http-nio-8979-exec-8] c.e.E.EmployeeService                    : Request to delete employee with ID: 98
2025-12-11T16:26:54.687+05:30 DEBUG 25688 --- [http-nio-8979-exec-8] c.e.E.EmployeeService                    : Employee deleted successfully with ID: 98
2025-12-11T16:26:54.687+05:30 DEBUG 25688 --- [http-nio-8979-exec-8] c.e.E.EmployeeController                 : Employee deleted successfully with ID: 98
2025-12-11T16:32:17.885+05:30  INFO 25688 --- [http-nio-8979-exec-10] c.e.E.EmployeeController                 : DELETE /employees/delete/98 - Request to delete employee
2025-12-11T16:32:17.885+05:30  INFO 25688 --- [http-nio-8979-exec-10] c.e.E.EmployeeService                    : Request to delete employee with ID: 98
2025-12-11T16:32:17.896+05:30 DEBUG 25688 --- [http-nio-8979-exec-10] c.e.E.EmployeeService                    : Employee deleted successfully with ID: 98
2025-12-11T16:32:17.896+05:30 DEBUG 25688 --- [http-nio-8979-exec-10] c.e.E.EmployeeController                 : Employee deleted successfully with ID: 98
2025-12-11T16:32:22.129+05:30  INFO 25688 --- [RMI TCP Connection(49)-127.0.0.1] inMXBeanRegistrar$SpringApplicationAdmin : Application shutdown requested.
2025-12-11T16:32:22.140+05:30  INFO 25688 --- [RMI TCP Connection(49)-127.0.0.1] j.LocalContainerEntityManagerFactoryBean : Closing JPA EntityManagerFactory for persistence unit 'default'
2025-12-11T16:32:22.142+05:30  INFO 25688 --- [RMI TCP Connection(49)-127.0.0.1] com.zaxxer.hikari.HikariDataSource       : HikariPool-1 - Shutdown initiated...
2025-12-11T16:32:22.148+05:30  INFO 25688 --- [RMI TCP Connection(49)-127.0.0.1] com.zaxxer.hikari.HikariDataSource       : HikariPool-1 - Shutdown completed.
2025-12-11T16:32:36.982+05:30  INFO 25960 --- [main] .e.E.EmployeeManagementSystemApplication : Starting EmployeeManagementSystemApplication using Java 21.0.7 with PID 25960 (C:\Users\hp\OneDrive\Desktop\EmployeeManagementSystem\EmployeeManagementSystem\target\classes started by Pranjali in C:\Users\hp\OneDrive\Desktop\EmployeeManagementSystem\EmployeeManagementSystem)
2025-12-11T16:32:36.983+05:30 DEBUG 25960 --- [main] .e.E.EmployeeManagementSystemApplication : Running with Spring Boot v3.2.0, Spring v6.1.1
2025-12-11T16:32:36.984+05:30  INFO 25960 --- [main] .e.E.EmployeeManagementSystemApplication : No active profile set, falling back to 1 default profile: "default"
2025-12-11T16:32:37.602+05:30  INFO 25960 --- [main] .s.d.r.c.RepositoryConfigurationDelegate : Bootstrapping Spring Data JPA repositories in DEFAULT mode.
2025-12-11T16:32:37.644+05:30  INFO 25960 --- [main] .s.d.r.c.RepositoryConfigurationDelegate : Finished Spring Data repository scanning in 37 ms. Found 1 JPA repository interface.
2025-12-11T16:32:38.008+05:30  INFO 25960 --- [main] o.s.b.w.embedded.tomcat.TomcatWebServer  : Tomcat initialized with port 8979 (http)
2025-12-11T16:32:38.015+05:30  INFO 25960 --- [main] o.apache.catalina.core.StandardService   : Starting service [Tomcat]
2025-12-11T16:32:38.015+05:30  INFO 25960 --- [main] o.apache.catalina.core.StandardEngine    : Starting Servlet engine: [Apache Tomcat/10.1.16]
2025-12-11T16:32:38.061+05:30  INFO 25960 --- [main] o.a.c.c.C.[Tomcat].[localhost].[/]       : Initializing Spring embedded WebApplicationContext
2025-12-11T16:32:38.062+05:30  INFO 25960 --- [main] w.s.c.ServletWebServerApplicationContext : Root WebApplicationContext: initialization completed in 1044 ms
2025-12-11T16:32:38.173+05:30  INFO 25960 --- [main] o.hibernate.jpa.internal.util.LogHelper  : HHH000204: Processing PersistenceUnitInfo [name: default]
2025-12-11T16:32:38.216+05:30  INFO 25960 --- [main] org.hibernate.Version                    : HHH000412: Hibernate ORM core version 6.3.1.Final
2025-12-11T16:32:38.242+05:30  INFO 25960 --- [main] o.h.c.internal.RegionFactoryInitiator    : HHH000026: Second-level cache disabled
2025-12-11T16:32:38.420+05:30  INFO 25960 --- [main] o.s.o.j.p.SpringPersistenceUnitInfo      : No LoadTimeWeaver setup: ignoring JPA class transformer
2025-12-11T16:32:38.440+05:30  INFO 25960 --- [main] com.zaxxer.hikari.HikariDataSource       : HikariPool-1 - Starting...
2025-12-11T16:32:38.712+05:30  INFO 25960 --- [main] com.zaxxer.hikari.pool.HikariPool        : HikariPool-1 - Added connection com.mysql.cj.jdbc.ConnectionImpl@1f3c5308
2025-12-11T16:32:38.713+05:30  INFO 25960 --- [main] com.zaxxer.hikari.HikariDataSource       : HikariPool-1 - Start completed.
2025-12-11T16:32:38.756+05:30  WARN 25960 --- [main] org.hibernate.orm.deprecation            : HHH90000025: MySQLDialect does not need to be specified explicitly using 'hibernate.dialect' (remove the property setting and it will be selected by default)
2025-12-11T16:32:39.357+05:30  INFO 25960 --- [main] o.h.e.t.j.p.i.JtaPlatformInitiator       : HHH000489: No JTA platform available (set 'hibernate.transaction.jta.platform' to enable JTA platform integration)
2025-12-11T16:32:39.395+05:30  INFO 25960 --- [main] j.LocalContainerEntityManagerFactoryBean : Initialized JPA EntityManagerFactory for persistence unit 'default'
2025-12-11T16:32:39.667+05:30  WARN 25960 --- [main] JpaBaseConfiguration$JpaWebConfiguration : spring.jpa.open-in-view is enabled by default. Therefore, database queries may be performed during view rendering. Explicitly configure spring.jpa.open-in-view to disable this warning
2025-12-11T16:32:39.987+05:30  INFO 25960 --- [main] o.s.b.w.embedded.tomcat.TomcatWebServer  : Tomcat started on port 8979 (http) with context path ''
2025-12-11T16:32:39.993+05:30  INFO 25960 --- [main] .e.E.EmployeeManagementSystemApplication : Started EmployeeManagementSystemApplication in 3.365 seconds (process running for 3.857)
2025-12-11T16:32:50.959+05:30  INFO 25960 --- [http-nio-8979-exec-1] o.a.c.c.C.[Tomcat].[localhost].[/]       : Initializing Spring DispatcherServlet 'dispatcherServlet'
2025-12-11T16:32:50.959+05:30  INFO 25960 --- [http-nio-8979-exec-1] o.s.web.servlet.DispatcherServlet        : Initializing Servlet 'dispatcherServlet'
2025-12-11T16:32:50.959+05:30  INFO 25960 --- [http-nio-8979-exec-1] o.s.web.servlet.DispatcherServlet        : Completed initialization in 0 ms
2025-12-11T16:32:51.009+05:30  INFO 25960 --- [http-nio-8979-exec-1] c.e.E.EmployeeController                 : DELETE /employees/delete/78 - Request to delete employee
2025-12-11T16:32:51.009+05:30  INFO 25960 --- [http-nio-8979-exec-1] c.e.E.EmployeeService                    : Request to delete employee with ID: 78
2025-12-11T16:32:51.125+05:30  WARN 25960 --- [http-nio-8979-exec-1] c.e.E.EmployeeService                    : Employee not found with ID: 78
2025-12-11T16:48:05.718+05:30  WARN 25960 --- [HikariPool-1 housekeeper] com.zaxxer.hikari.pool.HikariPool        : HikariPool-1 - Thread starvation or clock leap detected (housekeeper delta=1m26s684ms375µs300ns).
2025-12-11T17:12:22.884+05:30  INFO 7836 --- [main] .e.E.EmployeeManagementSystemApplication : Starting EmployeeManagementSystemApplication using Java 21.0.7 with PID 7836 (C:\Users\hp\OneDrive\Desktop\EmployeeManagementSystem\EmployeeManagementSystem\target\classes started by Pranjali in C:\Users\hp\OneDrive\Desktop\EmployeeManagementSystem\EmployeeManagementSystem)
2025-12-11T17:12:22.887+05:30 DEBUG 7836 --- [main] .e.E.EmployeeManagementSystemApplication : Running with Spring Boot v3.2.0, Spring v6.1.1
2025-12-11T17:12:22.887+05:30  INFO 7836 --- [main] .e.E.EmployeeManagementSystemApplication : No active profile set, falling back to 1 default profile: "default"
2025-12-11T17:12:23.576+05:30  INFO 7836 --- [main] .s.d.r.c.RepositoryConfigurationDelegate : Bootstrapping Spring Data JPA repositories in DEFAULT mode.
2025-12-11T17:12:23.644+05:30  INFO 7836 --- [main] .s.d.r.c.RepositoryConfigurationDelegate : Finished Spring Data repository scanning in 56 ms. Found 1 JPA repository interface.
2025-12-11T17:12:24.050+05:30  INFO 7836 --- [main] o.s.b.w.embedded.tomcat.TomcatWebServer  : Tomcat initialized with port 7665 (http)
2025-12-11T17:12:24.059+05:30  INFO 7836 --- [main] o.apache.catalina.core.StandardService   : Starting service [Tomcat]
2025-12-11T17:12:24.060+05:30  INFO 7836 --- [main] o.apache.catalina.core.StandardEngine    : Starting Servlet engine: [Apache Tomcat/10.1.16]
2025-12-11T17:12:24.117+05:30  INFO 7836 --- [main] o.a.c.c.C.[Tomcat].[localhost].[/]       : Initializing Spring embedded WebApplicationContext
2025-12-11T17:12:24.117+05:30  INFO 7836 --- [main] w.s.c.ServletWebServerApplicationContext : Root WebApplicationContext: initialization completed in 1196 ms
2025-12-11T17:12:24.300+05:30  INFO 7836 --- [main] o.hibernate.jpa.internal.util.LogHelper  : HHH000204: Processing PersistenceUnitInfo [name: default]
2025-12-11T17:12:24.348+05:30  INFO 7836 --- [main] org.hibernate.Version                    : HHH000412: Hibernate ORM core version 6.3.1.Final
2025-12-11T17:12:24.377+05:30  INFO 7836 --- [main] o.h.c.internal.RegionFactoryInitiator    : HHH000026: Second-level cache disabled
2025-12-11T17:12:24.563+05:30  INFO 7836 --- [main] o.s.o.j.p.SpringPersistenceUnitInfo      : No LoadTimeWeaver setup: ignoring JPA class transformer
2025-12-11T17:12:24.586+05:30  INFO 7836 --- [main] com.zaxxer.hikari.HikariDataSource       : HikariPool-1 - Starting...
2025-12-11T17:12:24.858+05:30  INFO 7836 --- [main] com.zaxxer.hikari.pool.HikariPool        : HikariPool-1 - Added connection com.mysql.cj.jdbc.ConnectionImpl@4768b95c
2025-12-11T17:12:24.860+05:30  INFO 7836 --- [main] com.zaxxer.hikari.HikariDataSource       : HikariPool-1 - Start completed.
2025-12-11T17:12:24.908+05:30  WARN 7836 --- [main] org.hibernate.orm.deprecation            : HHH90000025: MySQLDialect does not need to be specified explicitly using 'hibernate.dialect' (remove the property setting and it will be selected by default)
2025-12-11T17:12:25.518+05:30  INFO 7836 --- [main] o.h.e.t.j.p.i.JtaPlatformInitiator       : HHH000489: No JTA platform available (set 'hibernate.transaction.jta.platform' to enable JTA platform integration)
2025-12-11T17:12:25.565+05:30  INFO 7836 --- [main] j.LocalContainerEntityManagerFactoryBean : Initialized JPA EntityManagerFactory for persistence unit 'default'
2025-12-11T17:12:25.863+05:30  WARN 7836 --- [main] JpaBaseConfiguration$JpaWebConfiguration : spring.jpa.open-in-view is enabled by default. Therefore, database queries may be performed during view rendering. Explicitly configure spring.jpa.open-in-view to disable this warning
2025-12-11T17:12:26.200+05:30  INFO 7836 --- [main] o.s.b.w.embedded.tomcat.TomcatWebServer  : Tomcat started on port 7665 (http) with context path ''
2025-12-11T17:12:26.207+05:30  INFO 7836 --- [main] .e.E.EmployeeManagementSystemApplication : Started EmployeeManagementSystemApplication in 3.673 seconds (process running for 4.312)
2025-12-11T17:12:40.651+05:30  INFO 7836 --- [http-nio-7665-exec-4] o.a.c.c.C.[Tomcat].[localhost].[/]       : Initializing Spring DispatcherServlet 'dispatcherServlet'
2025-12-11T17:12:40.651+05:30  INFO 7836 --- [http-nio-7665-exec-4] o.s.web.servlet.DispatcherServlet        : Initializing Servlet 'dispatcherServlet'
2025-12-11T17:12:40.662+05:30  INFO 7836 --- [http-nio-7665-exec-4] o.s.web.servlet.DispatcherServlet        : Completed initialization in 11 ms
2025-12-11T17:12:40.716+05:30  INFO 7836 --- [http-nio-7665-exec-4] c.e.E.EmployeeController                 : DELETE /employees/delete/78 - Request to delete employee
2025-12-11T17:12:40.717+05:30  INFO 7836 --- [http-nio-7665-exec-4] c.e.E.EmployeeService                    : Request to delete employee with ID: 78
2025-12-11T17:12:40.817+05:30  WARN 7836 --- [http-nio-7665-exec-4] c.e.E.EmployeeService                    : Employee not found with ID: 78
2025-12-11T17:12:46.502+05:30  INFO 7836 --- [http-nio-7665-exec-7] c.e.E.EmployeeController                 : DELETE /employees/delete/6 - Request to delete employee
2025-12-11T17:12:46.502+05:30  INFO 7836 --- [http-nio-7665-exec-7] c.e.E.EmployeeService                    : Request to delete employee with ID: 6
2025-12-11T17:12:46.583+05:30 DEBUG 7836 --- [http-nio-7665-exec-7] c.e.E.EmployeeService                    : Employee deleted successfully with ID: 6
2025-12-11T17:12:46.583+05:30 DEBUG 7836 --- [http-nio-7665-exec-7] c.e.E.EmployeeController                 : Employee deleted successfully with ID: 6
